[debug] [2018-10-18T19:27:06.854Z] ----------------------------------------------------------------------
[debug] [2018-10-18T19:27:06.856Z] Command:       C:\Program Files\nodejs\node.exe C:\Users\admin\AppData\Roaming\npm\node_modules\firebase-tools\bin\firebase deploy
[debug] [2018-10-18T19:27:06.857Z] CLI Version:   4.2.1
[debug] [2018-10-18T19:27:06.857Z] Platform:      win32
[debug] [2018-10-18T19:27:06.857Z] Node Version:  v8.11.3
[debug] [2018-10-18T19:27:06.857Z] Time:          Fri Oct 19 2018 00:57:06 GMT+0530 (India Standard Time)
[debug] [2018-10-18T19:27:06.857Z] ----------------------------------------------------------------------
[debug] 
[debug] [2018-10-18T19:27:06.878Z] > command requires scopes: ["email","openid","https://www.googleapis.com/auth/cloudplatformprojects.readonly","https://www.googleapis.com/auth/firebase","https://www.googleapis.com/auth/cloud-platform"]
[debug] [2018-10-18T19:27:06.879Z] > authorizing via signed-in user
[debug] [2018-10-18T19:27:06.881Z] > refreshing access token with scopes: ["email","https://www.googleapis.com/auth/cloud-platform","https://www.googleapis.com/auth/cloudplatformprojects.readonly","https://www.googleapis.com/auth/firebase","openid"]
[debug] [2018-10-18T19:27:06.881Z] >>> HTTP REQUEST POST https://www.googleapis.com/oauth2/v3/token  

[debug] [2018-10-18T19:27:07.428Z] <<< HTTP RESPONSE 200
[debug] [2018-10-18T19:27:07.497Z] >>> HTTP REQUEST GET https://admin.firebase.com/v1/projects/my-start-page-1fd5d  
 
[debug] [2018-10-18T19:27:08.615Z] <<< HTTP RESPONSE 200
[info] 
[info] === Deploying to 'my-start-page-1fd5d'...
[info] 
[info] i  deploying hosting
[debug] [2018-10-18T19:27:08.630Z] >>> HTTP REQUEST POST https://firebasehosting.googleapis.com/v1beta1/sites/my-start-page-1fd5d/versions  

[debug] [2018-10-18T19:27:10.605Z] <<< HTTP RESPONSE 200
[info] i  hosting[my-start-page-1fd5d]: beginning deploy...
[debug] [2018-10-18T19:27:10.878Z] Error: EPERM: operation not permitted, scandir 'C:\Users\admin\AppData\Local\Application Data'
    at Object.fs.readdirSync (fs.js:904:18)
    at GlobSync._readdir (C:\Users\admin\AppData\Roaming\npm\node_modules\firebase-tools\node_modules\glob\sync.js:288:41)
    at GlobSync._readdirInGlobStar (C:\Users\admin\AppData\Roaming\npm\node_modules\firebase-tools\node_modules\glob\sync.js:245:17)
    at GlobSync._readdir (C:\Users\admin\AppData\Roaming\npm\node_modules\firebase-tools\node_modules\glob\sync.js:276:17)
    at GlobSync._processReaddir (C:\Users\admin\AppData\Roaming\npm\node_modules\firebase-tools\node_modules\glob\sync.js:137:22)
    at GlobSync._process (C:\Users\admin\AppData\Roaming\npm\node_modules\firebase-tools\node_modules\glob\sync.js:132:10)
    at GlobSync._processGlobStar (C:\Users\admin\AppData\Roaming\npm\node_modules\firebase-tools\node_modules\glob\sync.js:380:10)
    at GlobSync._process (C:\Users\admin\AppData\Roaming\npm\node_modules\firebase-tools\node_modules\glob\sync.js:130:10)
    at GlobSync._processGlobStar (C:\Users\admin\AppData\Roaming\npm\node_modules\firebase-tools\node_modules\glob\sync.js:383:10)
    at GlobSync._process (C:\Users\admin\AppData\Roaming\npm\node_modules\firebase-tools\node_modules\glob\sync.js:130:10)
[error] 
[error] Error: An unexpected error has occurred.
